<?xml version="1.0" encoding="UTF-8"?>
<!-- Generated by org.testng.reporters.JUnitReportReporter -->
<testsuite skipped="0" hostname="Mallikharjuna" name="com.pageObjectModel.uiObjects.FindtheAllElements" tests="1" failures="0" timestamp="01 Nov 2018 05:21:18 GMT" time="33.673" errors="0">
  <testcase name="launchBrowser" time="33.673" classname="com.pageObjectModel.uiObjects.FindtheAllElements"/>
</testsuite> <!-- com.pageObjectModel.uiObjects.FindtheAllElements -->
