<?xml version="1.0" encoding="UTF-8"?>
<!-- Generated by org.testng.reporters.JUnitReportReporter -->
<testsuite skipped="0" hostname="Mallikharjuna" name="com.pageObjectModel.tsetNGPackage.TestNGExample" tests="6" failures="0" timestamp="15 Aug 2018 12:08:52 GMT" time="0.109" errors="0">
  <testcase name="Test1" time="0.000" classname="com.pageObjectModel.tsetNGPackage.TestNGExample"/>
  <testcase name="Test5" time="0.000" classname="com.pageObjectModel.tsetNGPackage.TestNGExample"/>
  <testcase name="Test2" time="0.047" classname="com.pageObjectModel.tsetNGPackage.TestNGExample"/>
  <testcase name="Test6" time="0.062" classname="com.pageObjectModel.tsetNGPackage.TestNGExample"/>
  <testcase name="Test3" time="0.000" classname="com.pageObjectModel.tsetNGPackage.TestNGExample"/>
  <testcase name="Test4" time="0.000" classname="com.pageObjectModel.tsetNGPackage.TestNGExample"/>
</testsuite> <!-- com.pageObjectModel.tsetNGPackage.TestNGExample -->
