<?xml version="1.0" encoding="UTF-8"?>
<!-- Generated by org.testng.reporters.JUnitReportReporter -->
<testsuite skipped="0" hostname="Mallikharjuna" name="com.pageObjectModel.uiObjects.SelectClassHandler" tests="1" failures="0" timestamp="23 Aug 2018 01:38:59 GMT" time="48.701" errors="0">
  <testcase name="selectList" time="48.701" classname="com.pageObjectModel.uiObjects.SelectClassHandler"/>
</testsuite> <!-- com.pageObjectModel.uiObjects.SelectClassHandler -->
