<?xml version="1.0" encoding="UTF-8"?>
<!-- Generated by org.testng.reporters.JUnitReportReporter -->
<testsuite skipped="1" hostname="Mallikharjuna" name="com.pageObjectModel.tsetNGPackage.TestNGParemeters" tests="6" failures="0" timestamp="14 Jul 2018 18:45:46 GMT" time="0.000" errors="0">
  <testcase name="test3" time="0.000" classname="com.pageObjectModel.tsetNGPackage.TestNGParemeters"/>
  <testcase name="test6" time="0.000" classname="com.pageObjectModel.tsetNGPackage.TestNGParemeters"/>
  <testcase name="test2" time="0.000" classname="com.pageObjectModel.tsetNGPackage.TestNGParemeters"/>
  <testcase name="test4" time="0.000" classname="com.pageObjectModel.tsetNGPackage.TestNGParemeters"/>
  <testcase name="test5" time="0.000" classname="com.pageObjectModel.tsetNGPackage.TestNGParemeters"/>
  <testcase name="test1" classname="com.pageObjectModel.tsetNGPackage.TestNGParemeters">
    <skipped/>
  </testcase> <!-- test1 -->
</testsuite> <!-- com.pageObjectModel.tsetNGPackage.TestNGParemeters -->
