<?xml version="1.0" encoding="UTF-8"?>
<!-- Generated by org.testng.reporters.JUnitReportReporter -->
<testsuite skipped="0" hostname="Mallikharjuna" name="com.pageObjectModel.uiObjects.iFrame" tests="1" failures="0" timestamp="07 Jul 2018 16:43:15 GMT" time="50.107" errors="0">
  <testcase name="iFrameDemo" time="50.107" classname="com.pageObjectModel.uiObjects.iFrame"/>
</testsuite> <!-- com.pageObjectModel.uiObjects.iFrame -->
