<?xml version="1.0" encoding="UTF-8"?>
<!-- Generated by org.testng.reporters.JUnitReportReporter -->
<testsuite skipped="0" hostname="Mallikharjuna" name="com.pageObjectModel.uiObjects.WindowHandles" tests="1" failures="0" timestamp="15 Oct 2018 06:00:00 GMT" time="78.103" errors="0">
  <testcase name="windowHandles" time="78.103" classname="com.pageObjectModel.uiObjects.WindowHandles"/>
</testsuite> <!-- com.pageObjectModel.uiObjects.WindowHandles -->
