<?xml version="1.0" encoding="UTF-8"?>
<!-- Generated by org.testng.reporters.JUnitReportReporter -->
<testsuite skipped="0" hostname="Mallikharjuna" name="com.pageObjectModel.uiObjects.Interview_15th" tests="1" failures="0" timestamp="01 Nov 2018 13:22:02 GMT" time="25.540" errors="0">
  <testcase name="ascendingOrder" time="25.540" classname="com.pageObjectModel.uiObjects.Interview_15th"/>
</testsuite> <!-- com.pageObjectModel.uiObjects.Interview_15th -->
