<?xml version="1.0" encoding="UTF-8"?>
<!-- Generated by org.testng.reporters.JUnitReportReporter -->
<testsuite skipped="0" hostname="Mallikharjuna" name="logintest.TC003_VerifyLoingOperation" tests="2" failures="0" timestamp="30 Jun 2018 02:03:34 GMT" time="9.880" errors="0">
  <testcase name="clickonsignin" time="9.039" classname="logintest.TC003_VerifyLoingOperation"/>
  <testcase name="verifyLogin" time="0.841" classname="logintest.TC003_VerifyLoingOperation"/>
</testsuite> <!-- logintest.TC003_VerifyLoingOperation -->
