<?xml version="1.0" encoding="UTF-8"?>
<!-- Generated by org.testng.reporters.JUnitReportReporter -->
<testsuite skipped="0" hostname="Mallikharjuna" name="com.pageObjectModel.uiObjects.SetCollections" tests="3" failures="0" timestamp="26 Sep 2018 15:01:01 GMT" time="0.130" errors="0">
  <testcase name="mapCollection" time="0.032" classname="com.pageObjectModel.uiObjects.SetCollections"/>
  <testcase name="setCollection" time="0.038" classname="com.pageObjectModel.uiObjects.SetCollections"/>
  <testcase name="removingDuplicatesInString" time="0.060" classname="com.pageObjectModel.uiObjects.SetCollections"/>
</testsuite> <!-- com.pageObjectModel.uiObjects.SetCollections -->
