<?xml version="1.0" encoding="UTF-8"?>
<!-- Generated by org.testng.reporters.JUnitReportReporter -->
<testsuite skipped="0" hostname="Mallikharjuna" name="com.pageObjectModel.uiObjects.DataProvidersample" tests="3" failures="0" timestamp="16 Jul 2018 01:38:45 GMT" time="38.927" errors="0">
  <testcase name="dataProvider" time="23.259" classname="com.pageObjectModel.uiObjects.DataProvidersample"/>
  <testcase name="dataProvider" time="15.668" classname="com.pageObjectModel.uiObjects.DataProvidersample"/>
  <testcase name="login" time="0.000" classname="com.pageObjectModel.uiObjects.DataProvidersample"/>
</testsuite> <!-- com.pageObjectModel.uiObjects.DataProvidersample -->
