<?xml version="1.0" encoding="UTF-8"?>
<!-- Generated by org.testng.reporters.JUnitReportReporter -->
<testsuite skipped="0" hostname="Mallikharjuna" name="com.pageObjectModel.uiObjects.DEMOForSC" tests="2" failures="0" timestamp="17 Jul 2018 14:26:49 GMT" time="83.691" errors="0">
  <testcase name="signIn" time="33.113" classname="com.pageObjectModel.uiObjects.DEMOForSC"/>
  <testcase name="launchBrowserDemo" time="50.578" classname="com.pageObjectModel.uiObjects.DEMOForSC"/>
</testsuite> <!-- com.pageObjectModel.uiObjects.DEMOForSC -->
