<?xml version="1.0" encoding="UTF-8"?>
<!-- Generated by org.testng.reporters.JUnitReportReporter -->
<testsuite skipped="0" hostname="Mallikharjuna" name="logintest.SampleTest" tests="1" failures="0" timestamp="20 Mar 2018 15:41:45 GMT" time="0.028" errors="0">
  <testcase name="loadData" time="0.028" classname="logintest.SampleTest"/>
</testsuite> <!-- logintest.SampleTest -->
