<?xml version="1.0" encoding="UTF-8"?>
<!-- Generated by org.testng.reporters.JUnitReportReporter -->
<testsuite skipped="0" hostname="Mallikharjuna" name="com.pageObjectModel.uiObjects.AlertsHandling" tests="1" failures="0" timestamp="20 Aug 2018 16:43:45 GMT" time="30.570" errors="0">
  <testcase name="alertHandling" time="30.570" classname="com.pageObjectModel.uiObjects.AlertsHandling"/>
</testsuite> <!-- com.pageObjectModel.uiObjects.AlertsHandling -->
