<?xml version="1.0" encoding="UTF-8"?>
<!-- Generated by org.testng.reporters.JUnitReportReporter -->
<testsuite skipped="0" hostname="Mallikharjuna" name="com.pageObjectModel.uiObjects.ListCollection" tests="1" failures="0" timestamp="22 Sep 2018 12:09:41 GMT" time="0.041" errors="0">
  <testcase name="listOps" time="0.041" classname="com.pageObjectModel.uiObjects.ListCollection"/>
</testsuite> <!-- com.pageObjectModel.uiObjects.ListCollection -->
